<?xml version="1.0" encoding="utf-8"?><testsuites><testsuite name="pytest" errors="0" failures="5" skipped="0" tests="15" time="30.588" timestamp="2026-01-28T22:37:22.898367-08:00" hostname="Wagners-MacBook-Air-2.local"><testcase classname="tests.test_ai.TestAIValidation" name="test_orchestrate_invalid_workflow_type" time="3.293"><failure message="AssertionError: Invalid workflow should not cause 500: {&quot;detail&quot;:&quot;OPENAI_API_KEY not configured&quot;}&#10;assert 500 != 500&#10; +  where 500 = &lt;Response [500 Internal Server Error]&gt;.status_code">E   AssertionError: Invalid workflow should not cause 500: {"detail":"OPENAI_API_KEY not configured"}
    assert 500 != 500
     +  where 500 = &lt;Response [500 Internal Server Error]&gt;.status_code</failure></testcase><testcase classname="tests.test_ai.TestAsyncAwaitIssues" name="test_orchestrate_does_not_return_coroutine" time="0.002"><failure message="AssertionError: ❌ CRITICAL: 500 error - likely async/await bug!&#10;  Response: {&quot;detail&quot;:&quot;OPENAI_API_KEY not configured&quot;}&#10;  Check if async methods are being awaited properly.&#10;assert 500 != 500&#10; +  where 500 = &lt;Response [500 Internal Server Error]&gt;.status_code">E   AssertionError: ❌ CRITICAL: 500 error - likely async/await bug!
      Response: {"detail":"OPENAI_API_KEY not configured"}
      Check if async methods are being awaited properly.
    assert 500 != 500
     +  where 500 = &lt;Response [500 Internal Server Error]&gt;.status_code</failure></testcase><testcase classname="tests.test_ai_orchestrate.TestAIEndpointErrorHandling" name="test_orchestrate_handles_missing_openai_key" time="0.001" /><testcase classname="tests.test_ai_orchestrate.TestAIEndpointErrorHandling" name="test_orchestrate_handles_invalid_audio_data" time="0.001"><failure message="AttributeError: 'async_generator' object has no attribute 'post'">E   AttributeError: 'async_generator' object has no attribute 'post'</failure></testcase><testcase classname="tests.test_ai_orchestrate.TestAIEndpointErrorHandling" name="test_orchestrate_with_very_large_audio" time="0.205"><failure message="AttributeError: 'async_generator' object has no attribute 'post'">E   AttributeError: 'async_generator' object has no attribute 'post'</failure></testcase><testcase classname="tests.test_ai_orchestrate.TestAsyncAwaitPatterns" name="test_all_async_dependencies_are_awaited" time="0.000"><failure message="AttributeError: 'async_generator' object has no attribute 'get'">E   AttributeError: 'async_generator' object has no attribute 'get'</failure></testcase><testcase classname="tests.test_auth.TestAuthEndpoints" name="test_google_oauth_login" time="0.002" /><testcase classname="tests.test_auth.TestAuthEndpoints" name="test_google_oauth_callback_missing_code" time="0.001" /><testcase classname="tests.test_auth.TestAuthEndpoints" name="test_google_oauth_callback_invalid_code" time="0.001" /><testcase classname="tests.test_auth.TestAuthEndpoints" name="test_logout" time="0.001" /><testcase classname="tests.test_auth.TestAuthEndpoints" name="test_verify_token_without_auth" time="0.001" /><testcase classname="tests.test_auth.TestAuthEndpoints" name="test_refresh_token_without_data" time="0.003" /><testcase classname="tests.test_auth.TestAuthValidation" name="test_protected_endpoint_without_token" time="0.003" /><testcase classname="tests.test_auth.TestAuthValidation" name="test_protected_endpoint_invalid_token" time="0.001" /><testcase classname="tests.test_curations.TestCurationValidation" name="test_create_curation_invalid_data" time="0.001" /><testcase time="0.000" /></testsuite></testsuites>